<?xml version="1.0" encoding="UTF-8"?>
<!-- Generated by org.testng.reporters.JUnitReportReporter -->
<testsuite skipped="0" hostname="Jaspreet" name="com.BankingProject.testCases.TC_LoginTest_001" tests="1" failures="0" timestamp="2022-02-17T16:46:22 EST" time="6.670" errors="0">
  <testcase name="Login_Test" time="6.670" classname="com.BankingProject.testCases.TC_LoginTest_001"/>
  <system-out/>
</testsuite> <!-- com.BankingProject.testCases.TC_LoginTest_001 -->
